<?xml version="1.0" encoding="UTF-8"?>
<testng-results ignored="0" total="2" passed="2" failed="0" skipped="0">
  <reporter-output>
  </reporter-output>
  <suite started-at="2024-07-14T12:29:17 IST" name="Suite" finished-at="2024-07-14T12:29:24 IST" duration-ms="7239">
    <groups>
    </groups>
    <test started-at="2024-07-14T12:29:17 IST" name="Test" finished-at="2024-07-14T12:29:24 IST" duration-ms="7239">
      <class name="com.July2024.v100.SearchTest">
        <test-method is-config="true" signature="tearSetup()[pri:0, instance:com.July2024.v100.SearchTest@fd07cbb]" started-at="2024-07-14T12:29:17 IST" name="tearSetup" finished-at="2024-07-14T12:29:19 IST" duration-ms="2219" status="PASS">
          <reporter-output>
          </reporter-output>
        </test-method> <!-- tearSetup -->
        <test-method signature="f()[pri:1, instance:com.July2024.v100.SearchTest@fd07cbb]" started-at="2024-07-14T12:29:19 IST" name="f" finished-at="2024-07-14T12:29:22 IST" duration-ms="2398" status="PASS">
          <reporter-output>
          </reporter-output>
        </test-method> <!-- f -->
        <test-method signature="QA()[pri:2, instance:com.July2024.v100.SearchTest@fd07cbb]" started-at="2024-07-14T12:29:22 IST" name="QA" finished-at="2024-07-14T12:29:24 IST" duration-ms="2085" status="PASS">
          <reporter-output>
          </reporter-output>
        </test-method> <!-- QA -->
        <test-method is-config="true" signature="tearDown()[pri:0, instance:com.July2024.v100.SearchTest@fd07cbb]" started-at="2024-07-14T12:29:24 IST" name="tearDown" finished-at="2024-07-14T12:29:24 IST" duration-ms="502" status="PASS">
          <reporter-output>
          </reporter-output>
        </test-method> <!-- tearDown -->
      </class> <!-- com.July2024.v100.SearchTest -->
    </test> <!-- Test -->
  </suite> <!-- Suite -->
</testng-results>
