<?xml version="1.0" encoding="UTF-8"?>
<testng-results ignored="0" total="2" passed="2" failed="0" skipped="0">
  <reporter-output>
  </reporter-output>
  <suite started-at="2024-07-14T12:28:22 IST" name="Suite" finished-at="2024-07-14T12:28:29 IST" duration-ms="6897">
    <groups>
    </groups>
    <test started-at="2024-07-14T12:28:22 IST" name="Test" finished-at="2024-07-14T12:28:29 IST" duration-ms="6897">
      <class name="com.July2024.v100.SearchTest">
        <test-method is-config="true" signature="tearSetup()[pri:0, instance:com.July2024.v100.SearchTest@2e8c1c9b]" started-at="2024-07-14T12:28:22 IST" name="tearSetup" finished-at="2024-07-14T12:28:24 IST" duration-ms="2037" status="PASS">
          <reporter-output>
          </reporter-output>
        </test-method> <!-- tearSetup -->
        <test-method signature="f()[pri:1, instance:com.July2024.v100.SearchTest@2e8c1c9b]" started-at="2024-07-14T12:28:24 IST" name="f" finished-at="2024-07-14T12:28:26 IST" duration-ms="2228" status="PASS">
          <reporter-output>
          </reporter-output>
        </test-method> <!-- f -->
        <test-method signature="QA()[pri:2, instance:com.July2024.v100.SearchTest@2e8c1c9b]" started-at="2024-07-14T12:28:26 IST" name="QA" finished-at="2024-07-14T12:28:28 IST" duration-ms="2069" status="PASS">
          <reporter-output>
          </reporter-output>
        </test-method> <!-- QA -->
        <test-method is-config="true" signature="tearDown()[pri:0, instance:com.July2024.v100.SearchTest@2e8c1c9b]" started-at="2024-07-14T12:28:28 IST" name="tearDown" finished-at="2024-07-14T12:28:29 IST" duration-ms="523" status="PASS">
          <reporter-output>
          </reporter-output>
        </test-method> <!-- tearDown -->
      </class> <!-- com.July2024.v100.SearchTest -->
    </test> <!-- Test -->
  </suite> <!-- Suite -->
</testng-results>
